<?xml version="1.0" encoding="UTF-8"?>
<!-- Generated by org.testng.reporters.JUnitXMLReporter -->
<testsuite hostname="DESKTOP-B16COSM" ignored="0" name="Surefire test" tests="8" failures="0" timestamp="22 Sep 2020 13:59:05 GMT" time="215.085" errors="0">
  <testcase name="homePageHeaderTest" time="7.408" classname="com.qa.hubspot.test.HomePageTest"/>
  <testcase name="homePageTitleTest" time="0.331" classname="com.qa.hubspot.test.HomePageTest"/>
  <testcase name="contactsPageTitleTest" time="0.282" classname="com.qa.hubspot.test.ContactsPageTest"/>
  <testcase name="titleTest" time="6.994" classname="com.qa.hubspot.test.LoginPageTest"/>
  <testcase name="checkContacts" time="26.009" classname="com.qa.hubspot.test.ContactsPageTest"/>
  <testcase name="checkContacts" time="35.612" classname="com.qa.hubspot.test.ContactsPageTest"/>
  <testcase name="checkContacts" time="22.309" classname="com.qa.hubspot.test.ContactsPageTest"/>
  <testcase name="loginTest" time="16.129" classname="com.qa.hubspot.test.LoginPageTest"/>
</testsuite> <!-- Surefire test -->
