<?xml version="1.0" encoding="UTF-8"?>
<!-- Generated by org.testng.reporters.JUnitXMLReporter -->
<testsuite hostname="DESKTOP-B16COSM" ignored="0" name="Default test" tests="4" failures="0" timestamp="22 Sep 2020 13:49:21 GMT" time="118.008" errors="0">
  <testcase name="contactsPageTitleTest" time="1.44" classname="com.qa.hubspot.test.ContactsPageTest"/>
  <testcase name="checkContacts" time="26.357" classname="com.qa.hubspot.test.ContactsPageTest"/>
  <testcase name="checkContacts" time="19.547" classname="com.qa.hubspot.test.ContactsPageTest"/>
  <testcase name="checkContacts" time="19.396" classname="com.qa.hubspot.test.ContactsPageTest"/>
</testsuite> <!-- Default test -->
