<?xml version="1.0" encoding="UTF-8"?>
<!-- Generated by org.testng.reporters.JUnitXMLReporter -->
<testsuite hostname="DESKTOP-B16COSM" ignored="0" name="Test" tests="8" failures="0" timestamp="24 Sep 2020 12:09:48 GMT" time="154.302" errors="0">
  <testcase name="homePageHeaderTest" time="1.502" classname="com.qa.hubspot.test.HomePageTest"/>
  <testcase name="homePageTitleTest" time="0.216" classname="com.qa.hubspot.test.HomePageTest"/>
  <testcase name="titleTest" time="5.527" classname="com.qa.hubspot.test.LoginPageTest"/>
  <testcase name="contactsPageTitleTest" time="0.212" classname="com.qa.hubspot.test.ContactsPageTest"/>
  <testcase name="loginTest" time="8.477" classname="com.qa.hubspot.test.LoginPageTest"/>
  <testcase name="checkContacts" time="22.624" classname="com.qa.hubspot.test.ContactsPageTest"/>
  <testcase name="checkContacts" time="21.336" classname="com.qa.hubspot.test.ContactsPageTest"/>
  <testcase name="checkContacts" time="19.427" classname="com.qa.hubspot.test.ContactsPageTest"/>
</testsuite> <!-- Test -->
