<?xml version="1.0" encoding="UTF-8"?>
<testsuite xmlns:xsi="http://www.w3.org/2001/XMLSchema-instance" xsi:noNamespaceSchemaLocation="https://maven.apache.org/surefire/maven-surefire-plugin/xsd/surefire-test-report.xsd" name="TestSuite" time="217.213" tests="8" errors="0" skipped="0" failures="0">
  <properties>
[...]
</properties>
  <testcase name="homePageHeaderTest" classname="com.qa.hubspot.test.HomePageTest" time="7.419"/>
  <testcase name="homePageTitleTest" classname="com.qa.hubspot.test.HomePageTest" time="0.302"/>
  <testcase name="contactsPageTitleTest" classname="com.qa.hubspot.test.ContactsPageTest" time="0.273"/>
  <testcase name="titleTest" classname="com.qa.hubspot.test.LoginPageTest" time="7.002"/>
  <testcase name="checkContacts" classname="com.qa.hubspot.test.ContactsPageTest" time="26.016"/>
  <testcase name="checkContacts" classname="com.qa.hubspot.test.ContactsPageTest" time="35.61"/>
  <testcase name="checkContacts" classname="com.qa.hubspot.test.ContactsPageTest" time="22.309"/>
  <testcase name="loginTest" classname="com.qa.hubspot.test.LoginPageTest" time="16.129"/>
</testsuite>