<?xml version="1.0" encoding="UTF-8"?>
<testng-results skipped="0" failed="0" ignored="0" total="8" passed="8">
  <reporter-output>
  </reporter-output>
  <suite name="Suite" duration-ms="154302" started-at="2020-09-24T12:07:13Z" finished-at="2020-09-24T12:09:47Z">
    <groups>
    </groups>
    <test name="Test" duration-ms="154302" started-at="2020-09-24T12:07:13Z" finished-at="2020-09-24T12:09:47Z">
      <class name="com.qa.hubspot.test.LoginPageTest">
        <test-method status="PASS" signature="titleTest()[pri:1, instance:com.qa.hubspot.test.LoginPageTest@2473b9ce]" name="titleTest" duration-ms="5527" started-at="2020-09-24T12:08:22Z" finished-at="2020-09-24T12:08:28Z">
          <reporter-output>
          </reporter-output>
        </test-method> <!-- titleTest -->
        <test-method status="PASS" signature="loginTest()[pri:2, instance:com.qa.hubspot.test.LoginPageTest@2473b9ce]" name="loginTest" duration-ms="8477" started-at="2020-09-24T12:08:28Z" finished-at="2020-09-24T12:08:36Z">
          <reporter-output>
          </reporter-output>
        </test-method> <!-- loginTest -->
      </class> <!-- com.qa.hubspot.test.LoginPageTest -->
      <class name="com.qa.hubspot.test.HomePageTest">
        <test-method status="PASS" signature="homePageHeaderTest()[pri:0, instance:com.qa.hubspot.test.HomePageTest@50de0926]" name="homePageHeaderTest" duration-ms="1502" started-at="2020-09-24T12:08:21Z" finished-at="2020-09-24T12:08:22Z">
          <reporter-output>
          </reporter-output>
        </test-method> <!-- homePageHeaderTest -->
        <test-method status="PASS" signature="homePageTitleTest()[pri:0, instance:com.qa.hubspot.test.HomePageTest@50de0926]" name="homePageTitleTest" duration-ms="216" started-at="2020-09-24T12:08:22Z" finished-at="2020-09-24T12:08:22Z">
          <reporter-output>
          </reporter-output>
        </test-method> <!-- homePageTitleTest -->
      </class> <!-- com.qa.hubspot.test.HomePageTest -->
      <class name="com.qa.hubspot.test.ContactsPageTest">
        <test-method status="PASS" signature="setup()[pri:0, instance:com.qa.hubspot.test.ContactsPageTest@60438a68]" name="setup" is-config="true" duration-ms="37367" started-at="2020-09-24T12:07:13Z" finished-at="2020-09-24T12:07:50Z">
          <reporter-output>
          </reporter-output>
        </test-method> <!-- setup -->
        <test-method status="PASS" signature="setup()[pri:0, instance:com.qa.hubspot.test.HomePageTest@50de0926]" name="setup" is-config="true" duration-ms="21083" started-at="2020-09-24T12:07:50Z" finished-at="2020-09-24T12:08:12Z">
          <reporter-output>
          </reporter-output>
        </test-method> <!-- setup -->
        <test-method status="PASS" signature="setUp()[pri:0, instance:com.qa.hubspot.test.LoginPageTest@2473b9ce]" name="setUp" is-config="true" duration-ms="8932" started-at="2020-09-24T12:08:12Z" finished-at="2020-09-24T12:08:20Z">
          <reporter-output>
          </reporter-output>
        </test-method> <!-- setUp -->
        <test-method status="PASS" signature="contactsPageTitleTest()[pri:1, instance:com.qa.hubspot.test.ContactsPageTest@60438a68]" name="contactsPageTitleTest" duration-ms="212" started-at="2020-09-24T12:08:28Z" finished-at="2020-09-24T12:08:28Z">
          <reporter-output>
          </reporter-output>
        </test-method> <!-- contactsPageTitleTest -->
        <test-method status="PASS" signature="checkContacts(java.lang.String, java.lang.String, java.lang.String, java.lang.String, java.lang.String)[pri:2, instance:com.qa.hubspot.test.ContactsPageTest@60438a68]" name="checkContacts" duration-ms="22624" started-at="2020-09-24T12:08:40Z" data-provider="getTestData" finished-at="2020-09-24T12:09:03Z">
          <params>
            <param index="0">
              <value>
                <![CDATA[practice@gmail.com]]>
              </value>
            </param>
            <param index="1">
              <value>
                <![CDATA[Ashish]]>
              </value>
            </param>
            <param index="2">
              <value>
                <![CDATA[Yadav]]>
              </value>
            </param>
            <param index="3">
              <value>
                <![CDATA[Engineer]]>
              </value>
            </param>
            <param index="4">
              <value>
                <![CDATA[6.666666666E9]]>
              </value>
            </param>
          </params>
          <reporter-output>
          </reporter-output>
        </test-method> <!-- checkContacts -->
        <test-method status="PASS" signature="checkContacts(java.lang.String, java.lang.String, java.lang.String, java.lang.String, java.lang.String)[pri:2, instance:com.qa.hubspot.test.ContactsPageTest@60438a68]" name="checkContacts" duration-ms="21336" started-at="2020-09-24T12:09:03Z" data-provider="getTestData" finished-at="2020-09-24T12:09:24Z">
          <params>
            <param index="0">
              <value>
                <![CDATA[test@gmail.com]]>
              </value>
            </param>
            <param index="1">
              <value>
                <![CDATA[Sagar]]>
              </value>
            </param>
            <param index="2">
              <value>
                <![CDATA[Gupta]]>
              </value>
            </param>
            <param index="3">
              <value>
                <![CDATA[CA]]>
              </value>
            </param>
            <param index="4">
              <value>
                <![CDATA[7.777777777E9]]>
              </value>
            </param>
          </params>
          <reporter-output>
          </reporter-output>
        </test-method> <!-- checkContacts -->
        <test-method status="PASS" signature="checkContacts(java.lang.String, java.lang.String, java.lang.String, java.lang.String, java.lang.String)[pri:2, instance:com.qa.hubspot.test.ContactsPageTest@60438a68]" name="checkContacts" duration-ms="19427" started-at="2020-09-24T12:09:24Z" data-provider="getTestData" finished-at="2020-09-24T12:09:44Z">
          <params>
            <param index="0">
              <value>
                <![CDATA[smart@gmail.com]]>
              </value>
            </param>
            <param index="1">
              <value>
                <![CDATA[Rohan]]>
              </value>
            </param>
            <param index="2">
              <value>
                <![CDATA[Gupta]]>
              </value>
            </param>
            <param index="3">
              <value>
                <![CDATA[PO]]>
              </value>
            </param>
            <param index="4">
              <value>
                <![CDATA[4.444444444E9]]>
              </value>
            </param>
          </params>
          <reporter-output>
          </reporter-output>
        </test-method> <!-- checkContacts -->
        <test-method status="PASS" signature="tearDown()[pri:0, instance:com.qa.hubspot.test.ContactsPageTest@60438a68]" name="tearDown" is-config="true" duration-ms="1319" started-at="2020-09-24T12:09:44Z" finished-at="2020-09-24T12:09:45Z">
          <reporter-output>
          </reporter-output>
        </test-method> <!-- tearDown -->
        <test-method status="PASS" signature="tearDown()[pri:0, instance:com.qa.hubspot.test.HomePageTest@50de0926]" name="tearDown" is-config="true" duration-ms="1072" started-at="2020-09-24T12:09:45Z" finished-at="2020-09-24T12:09:46Z">
          <reporter-output>
          </reporter-output>
        </test-method> <!-- tearDown -->
        <test-method status="PASS" signature="tearDown()[pri:0, instance:com.qa.hubspot.test.LoginPageTest@2473b9ce]" name="tearDown" is-config="true" duration-ms="1125" started-at="2020-09-24T12:09:46Z" finished-at="2020-09-24T12:09:47Z">
          <reporter-output>
          </reporter-output>
        </test-method> <!-- tearDown -->
      </class> <!-- com.qa.hubspot.test.ContactsPageTest -->
    </test> <!-- Test -->
  </suite> <!-- Suite -->
</testng-results>
