<?xml version="1.0" encoding="UTF-8"?>
<testng-results skipped="0" failed="0" ignored="0" total="2" passed="2">
  <reporter-output>
  </reporter-output>
  <suite name="Default suite" duration-ms="30060" started-at="2020-09-05T20:19:07Z" finished-at="2020-09-05T20:19:37Z">
    <groups>
    </groups>
    <test name="Default test" duration-ms="30060" started-at="2020-09-05T20:19:07Z" finished-at="2020-09-05T20:19:37Z">
      <class name="com.qa.hubspot.test.HomePageTest">
        <test-method status="PASS" signature="setup()[pri:0, instance:com.qa.hubspot.test.HomePageTest@3ffc5af1]" name="setup" is-config="true" duration-ms="21224" started-at="2020-09-05T20:19:07Z" finished-at="2020-09-05T20:19:28Z">
          <reporter-output>
          </reporter-output>
        </test-method> <!-- setup -->
        <test-method status="PASS" signature="homePageHeaderTest()[pri:0, instance:com.qa.hubspot.test.HomePageTest@3ffc5af1]" name="homePageHeaderTest" duration-ms="7209" started-at="2020-09-05T20:19:28Z" finished-at="2020-09-05T20:19:35Z">
          <reporter-output>
          </reporter-output>
        </test-method> <!-- homePageHeaderTest -->
        <test-method status="PASS" signature="homePageTitleTest()[pri:0, instance:com.qa.hubspot.test.HomePageTest@3ffc5af1]" name="homePageTitleTest" duration-ms="672" started-at="2020-09-05T20:19:35Z" finished-at="2020-09-05T20:19:36Z">
          <reporter-output>
          </reporter-output>
        </test-method> <!-- homePageTitleTest -->
        <test-method status="PASS" signature="tearDown()[pri:0, instance:com.qa.hubspot.test.HomePageTest@3ffc5af1]" name="tearDown" is-config="true" duration-ms="910" started-at="2020-09-05T20:19:36Z" finished-at="2020-09-05T20:19:37Z">
          <reporter-output>
          </reporter-output>
        </test-method> <!-- tearDown -->
      </class> <!-- com.qa.hubspot.test.HomePageTest -->
    </test> <!-- Default test -->
  </suite> <!-- Default suite -->
</testng-results>
